<?xml version="1.0" encoding="UTF-8"?>
<!-- Generated by org.testng.reporters.JUnitXMLReporter -->
<testsuite hostname="BA-000421981" ignored="0" name="CucumberTests" tests="3" failures="0" timestamp="2023-06-02T20:01:51 IST" time="141.264" errors="0">
  <testcase name="active_user" time="45.672" classname="com.telus.manage.dormantUser"/>
  <testcase name="active_user" time="44.39" classname="com.telus.manage.dormantUser"/>
  <testcase name="active_user" time="46.204" classname="com.telus.manage.dormantUser"/>
</testsuite> <!-- CucumberTests -->
